Shopping list for Sus Bing's order: 
400 cups of flour
150 cups of butter 
300 cups of baking soda 
600 cups of sugar
100 cups of royal icing 
200 eggs

Shopping list for Kenny G's order: 
6 cups of flour
2.25 cups of butter 
4.50 teaspoons of baking soda 
9 cups of sugar
1.50 cups of royal icing 
3 eggs

DO NOT SELL!!!

Shopping list for 50 Cent's order: 
2 cups of flour
0.75 cup of butter
1.50 teaspoons of baking soda
3 cups of sugar
0.50 cup of royal icing
1 egg

Shopping list for Frank Sinatra's order: 
138 cups of flour
51.75 cups of butter 
103.50 teaspoons of baking soda 
207 cups of sugar
34.50 cups of royal icing 
69 eggs

